<?xml version="1.0" encoding="UTF-8"?>
<!-- Generated by org.testng.reporters.JUnitXMLReporter -->
<testsuite hostname="DESKTOP-0ADFHDL" ignored="0" name="Test3" tests="12" failures="0" timestamp="01 Oct 2021 09:37:13 GMT" time="28.715" errors="0">
  <testcase name="testUrl" time="3.192" classname="tsOneWayFlight.oneWayFlightTC"/>
  <testcase name="TC18" time="0.269" classname="tsOneWayFlight.oneWayFlightTC"/>
  <testcase name="TC19" time="0.603" classname="tsOneWayFlight.oneWayFlightTC"/>
  <testcase name="TC20" time="0.499" classname="tsOneWayFlight.oneWayFlightTC"/>
  <testcase name="TC23" time="3.466" classname="tsOneWayFlight.oneWayFlightTC"/>
  <testcase name="TC24" time="0.264" classname="tsOneWayFlight.oneWayFlightTC"/>
  <testcase name="TC25" time="0.297" classname="tsOneWayFlight.oneWayFlightTC"/>
  <testcase name="TC26" time="0.268" classname="tsOneWayFlight.oneWayFlightTC"/>
  <testcase name="TC27" time="0.387" classname="tsOneWayFlight.oneWayFlightTC"/>
  <testcase name="TC28" time="0.262" classname="tsOneWayFlight.oneWayFlightTC"/>
  <testcase name="TC29" time="0.231" classname="tsOneWayFlight.oneWayFlightTC"/>
  <testcase name="TC30" time="17.068" classname="tsOneWayFlight.oneWayFlightTC"/>
</testsuite> <!-- Test3 -->
