<?xml version="1.0" encoding="UTF-8"?>
<!-- Generated by org.testng.reporters.JUnitXMLReporter -->
<testsuite hostname="DESKTOP-0ADFHDL" ignored="0" name="Test1" tests="13" failures="0" timestamp="04 Oct 2021 04:35:04 GMT" time="17.385" errors="0">
  <testcase name="testUrl" time="2.578" classname="tsMulticityFlight.MulticityFlightTC"/>
  <testcase name="TC44" time="0.858" classname="tsMulticityFlight.MulticityFlightTC"/>
  <testcase name="TC45" time="0.528" classname="tsMulticityFlight.MulticityFlightTC"/>
  <testcase name="TC46" time="0.244" classname="tsMulticityFlight.MulticityFlightTC"/>
  <testcase name="TC47" time="0.436" classname="tsMulticityFlight.MulticityFlightTC"/>
  <testcase name="TC53" time="3.741" classname="tsMulticityFlight.MulticityFlightTC"/>
  <testcase name="TC50" time="0.245" classname="tsMulticityFlight.MulticityFlightTC"/>
  <testcase name="TC51" time="0.373" classname="tsMulticityFlight.MulticityFlightTC"/>
  <testcase name="TC52" time="0.18" classname="tsMulticityFlight.MulticityFlightTC"/>
  <testcase name="TC54" time="0.223" classname="tsMulticityFlight.MulticityFlightTC"/>
  <testcase name="TC55" time="0.24" classname="tsMulticityFlight.MulticityFlightTC"/>
  <testcase name="TC56" time="0.258" classname="tsMulticityFlight.MulticityFlightTC"/>
  <testcase name="TC57" time="5.358" classname="tsMulticityFlight.MulticityFlightTC"/>
</testsuite> <!-- Test1 -->
