<?xml version="1.0" encoding="UTF-8"?>
<!-- Generated by org.testng.reporters.JUnitXMLReporter -->
<testsuite hostname="DESKTOP-0ADFHDL" ignored="0" name="Test1" tests="13" failures="0" timestamp="04 Oct 2021 14:10:58 GMT" time="22.846" errors="0">
  <testcase name="testUrl" time="2.586" classname="tsMulticityFlight.MulticityFlightTC"/>
  <testcase name="NoDestination" time="1.034" classname="tsMulticityFlight.MulticityFlightTC"/>
  <testcase name="NoValidDateForTravel1" time="0.745" classname="tsMulticityFlight.MulticityFlightTC"/>
  <testcase name="NoDestinationCity2" time="0.81" classname="tsMulticityFlight.MulticityFlightTC"/>
  <testcase name="NoValidDateForTravel2" time="0.751" classname="tsMulticityFlight.MulticityFlightTC"/>
  <testcase name="NoTitle" time="4.84" classname="tsMulticityFlight.MulticityFlightTC"/>
  <testcase name="NoFirstName" time="0.663" classname="tsMulticityFlight.MulticityFlightTC"/>
  <testcase name="NoLastName" time="0.338" classname="tsMulticityFlight.MulticityFlightTC"/>
  <testcase name="SameFirstAndLastName" time="0.348" classname="tsMulticityFlight.MulticityFlightTC"/>
  <testcase name="NoEmail" time="0.346" classname="tsMulticityFlight.MulticityFlightTC"/>
  <testcase name="InvalidEmail" time="0.415" classname="tsMulticityFlight.MulticityFlightTC"/>
  <testcase name="NoNumber" time="0.383" classname="tsMulticityFlight.MulticityFlightTC"/>
  <testcase name="ValidCredentials" time="5.083" classname="tsMulticityFlight.MulticityFlightTC"/>
</testsuite> <!-- Test1 -->
