<?xml version="1.0" encoding="UTF-8"?>
<!-- Generated by org.testng.reporters.JUnitXMLReporter -->
<testsuite hostname="DESKTOP-0ADFHDL" ignored="0" name="Test" tests="12" failures="0" timestamp="01 Oct 2021 17:50:28 GMT" time="34.752" errors="0">
  <testcase name="testUrl" time="4.492" classname="tsRoundTrip.roundTripTC"/>
  <testcase name="TC31" time="0.695" classname="tsRoundTrip.roundTripTC"/>
  <testcase name="TC32" time="0.872" classname="tsRoundTrip.roundTripTC"/>
  <testcase name="TC33" time="0.77" classname="tsRoundTrip.roundTripTC"/>
  <testcase name="TC36" time="3.742" classname="tsRoundTrip.roundTripTC"/>
  <testcase name="TC37" time="0.841" classname="tsRoundTrip.roundTripTC"/>
  <testcase name="TC38" time="0.495" classname="tsRoundTrip.roundTripTC"/>
  <testcase name="TC39" time="0.698" classname="tsRoundTrip.roundTripTC"/>
  <testcase name="TC40" time="0.474" classname="tsRoundTrip.roundTripTC"/>
  <testcase name="TC41" time="0.467" classname="tsRoundTrip.roundTripTC"/>
  <testcase name="TC42" time="0.397" classname="tsRoundTrip.roundTripTC"/>
  <testcase name="TC43" time="13.59" classname="tsRoundTrip.roundTripTC"/>
</testsuite> <!-- Test -->
