<?xml version="1.0" encoding="UTF-8"?>
<!-- Generated by org.testng.reporters.JUnitXMLReporter -->
<testsuite hostname="DESKTOP-0ADFHDL" ignored="0" name="Test3" tests="12" failures="0" timestamp="01 Oct 2021 09:39:23 GMT" time="24.367" errors="0">
  <testcase name="testUrl" time="2.805" classname="tsOneWayFlight.oneWayFlightTC"/>
  <testcase name="TC18" time="0.326" classname="tsOneWayFlight.oneWayFlightTC"/>
  <testcase name="TC19" time="0.751" classname="tsOneWayFlight.oneWayFlightTC"/>
  <testcase name="TC20" time="0.718" classname="tsOneWayFlight.oneWayFlightTC"/>
  <testcase name="TC23" time="3.039" classname="tsOneWayFlight.oneWayFlightTC"/>
  <testcase name="TC24" time="0.632" classname="tsOneWayFlight.oneWayFlightTC"/>
  <testcase name="TC25" time="0.388" classname="tsOneWayFlight.oneWayFlightTC"/>
  <testcase name="TC26" time="0.653" classname="tsOneWayFlight.oneWayFlightTC"/>
  <testcase name="TC27" time="0.436" classname="tsOneWayFlight.oneWayFlightTC"/>
  <testcase name="TC28" time="0.443" classname="tsOneWayFlight.oneWayFlightTC"/>
  <testcase name="TC29" time="0.37" classname="tsOneWayFlight.oneWayFlightTC"/>
  <testcase name="TC30" time="9.647" classname="tsOneWayFlight.oneWayFlightTC"/>
</testsuite> <!-- Test3 -->
