<?xml version="1.0" encoding="UTF-8"?>
<!-- Generated by org.testng.reporters.JUnitXMLReporter -->
<testsuite hostname="DESKTOP-0ADFHDL" ignored="0" name="Default test" tests="8" failures="0" timestamp="01 Oct 2021 18:42:57 GMT" time="54.804" errors="0">
  <testcase name="testUrl" time="2.816" classname="loginTs.loginTC"/>
  <testcase name="TC03" time="0.944" classname="loginTs.loginTC"/>
  <testcase name="TC04" time="0.554" classname="loginTs.loginTC"/>
  <testcase name="TC05" time="0.54" classname="loginTs.loginTC"/>
  <testcase name="TC06" time="0.401" classname="loginTs.loginTC"/>
  <testcase name="TC07" time="0.534" classname="loginTs.loginTC"/>
  <testcase name="TC02" time="14.7" classname="loginTs.loginTC"/>
  <testcase name="TC01" time="31.993" classname="loginTs.loginTC"/>
</testsuite> <!-- Default test -->
