<?xml version="1.0" encoding="UTF-8"?>
<!-- Generated by org.testng.reporters.JUnitXMLReporter -->
<testsuite hostname="DESKTOP-0ADFHDL" ignored="0" name="Test1" tests="12" failures="0" timestamp="04 Oct 2021 14:06:39 GMT" time="25.195" errors="0">
  <testcase name="testUrl" time="2.935" classname="tsOneWayFlight.oneWayFlightTC"/>
  <testcase name="NoFromAndNoTo" time="0.338" classname="tsOneWayFlight.oneWayFlightTC"/>
  <testcase name="NoDestination" time="0.714" classname="tsOneWayFlight.oneWayFlightTC"/>
  <testcase name="NoDate" time="0.727" classname="tsOneWayFlight.oneWayFlightTC"/>
  <testcase name="NoInsuranceSelected" time="3.633" classname="tsOneWayFlight.oneWayFlightTC"/>
  <testcase name="NoName" time="0.619" classname="tsOneWayFlight.oneWayFlightTC"/>
  <testcase name="NoTitle" time="0.373" classname="tsOneWayFlight.oneWayFlightTC"/>
  <testcase name="NoEmail" time="0.655" classname="tsOneWayFlight.oneWayFlightTC"/>
  <testcase name="InvalidEmail" time="0.407" classname="tsOneWayFlight.oneWayFlightTC"/>
  <testcase name="NoNumber" time="0.417" classname="tsOneWayFlight.oneWayFlightTC"/>
  <testcase name="InvalidNumber" time="0.414" classname="tsOneWayFlight.oneWayFlightTC"/>
  <testcase name="ValidNumber" time="9.952" classname="tsOneWayFlight.oneWayFlightTC"/>
</testsuite> <!-- Test1 -->
