<?xml version="1.0" encoding="UTF-8"?>
<!-- Generated by org.testng.reporters.JUnitXMLReporter -->
<testsuite hostname="DESKTOP-0ADFHDL" ignored="0" name="Test" tests="12" failures="0" timestamp="01 Oct 2021 10:37:31 GMT" time="31.719" errors="0">
  <testcase name="testUrl" time="2.824" classname="tsRoundTrip.roundTripTC"/>
  <testcase name="TC32" time="0.635" classname="tsRoundTrip.roundTripTC"/>
  <testcase name="TC33" time="0.737" classname="tsRoundTrip.roundTripTC"/>
  <testcase name="TC34" time="0.742" classname="tsRoundTrip.roundTripTC"/>
  <testcase name="TC37" time="3.525" classname="tsRoundTrip.roundTripTC"/>
  <testcase name="TC38" time="0.566" classname="tsRoundTrip.roundTripTC"/>
  <testcase name="TC39" time="0.36" classname="tsRoundTrip.roundTripTC"/>
  <testcase name="TC40" time="0.595" classname="tsRoundTrip.roundTripTC"/>
  <testcase name="TC41" time="0.417" classname="tsRoundTrip.roundTripTC"/>
  <testcase name="TC42" time="0.441" classname="tsRoundTrip.roundTripTC"/>
  <testcase name="TC43" time="0.367" classname="tsRoundTrip.roundTripTC"/>
  <testcase name="TC44" time="15.93" classname="tsRoundTrip.roundTripTC"/>
</testsuite> <!-- Test -->
