<?xml version="1.0" encoding="UTF-8"?>
<!-- Generated by org.testng.reporters.JUnitXMLReporter -->
<testsuite hostname="DESKTOP-0ADFHDL" ignored="0" name="Test" tests="11" failures="0" timestamp="04 Oct 2021 14:39:12 GMT" time="47.041" errors="0">
  <testcase name="testUrl" time="2.915" classname="signUpTS.signUpTC"/>
  <testcase name="NoNumber" time="0.523" classname="signUpTS.signUpTC"/>
  <testcase name="Invalid10Digit" time="0.57" classname="signUpTS.signUpTC"/>
  <testcase name="InvalidNumberAlphabets" time="0.651" classname="signUpTS.signUpTC"/>
  <testcase name="InvalidNumberSpecialChar" time="0.464" classname="signUpTS.signUpTC"/>
  <testcase name="InvalidNumber" time="0.491" classname="signUpTS.signUpTC"/>
  <testcase name="InvalidOTP" time="13.545" classname="signUpTS.signUpTC"/>
  <testcase name="InvalidNameWithNumbers" time="19.078" classname="signUpTS.signUpTC"/>
  <testcase name="InvalidNameWithSpecialChar" time="0.402" classname="signUpTS.signUpTC"/>
  <testcase name="InvalidEmail" time="0.4" classname="signUpTS.signUpTC"/>
  <testcase name="ValidCredentials" time="5.83" classname="signUpTS.signUpTC"/>
</testsuite> <!-- Test -->
