<?xml version="1.0" encoding="UTF-8"?>
<!-- Generated by org.testng.reporters.JUnitXMLReporter -->
<testsuite hostname="DESKTOP-0ADFHDL" ignored="0" name="Test3" tests="12" failures="0" timestamp="01 Oct 2021 07:07:04 GMT" time="28.966" errors="0">
  <testcase name="testUrl" time="2.667" classname="tsOneWayFlight.oneWayFlightTC"/>
  <testcase name="TC18" time="0.282" classname="tsOneWayFlight.oneWayFlightTC"/>
  <testcase name="TC19" time="0.674" classname="tsOneWayFlight.oneWayFlightTC"/>
  <testcase name="TC20" time="0.564" classname="tsOneWayFlight.oneWayFlightTC"/>
  <testcase name="TC23" time="3.083" classname="tsOneWayFlight.oneWayFlightTC"/>
  <testcase name="TC24" time="0.209" classname="tsOneWayFlight.oneWayFlightTC"/>
  <testcase name="TC25" time="0.294" classname="tsOneWayFlight.oneWayFlightTC"/>
  <testcase name="TC26" time="0.249" classname="tsOneWayFlight.oneWayFlightTC"/>
  <testcase name="TC27" time="0.322" classname="tsOneWayFlight.oneWayFlightTC"/>
  <testcase name="TC28" time="0.263" classname="tsOneWayFlight.oneWayFlightTC"/>
  <testcase name="TC29" time="0.239" classname="tsOneWayFlight.oneWayFlightTC"/>
  <testcase name="TC30" time="18.334" classname="tsOneWayFlight.oneWayFlightTC"/>
</testsuite> <!-- Test3 -->
