<?xml version="1.0" encoding="UTF-8"?>
<!-- Generated by org.testng.reporters.JUnitXMLReporter -->
<testsuite hostname="DESKTOP-0ADFHDL" ignored="0" name="Test" tests="12" failures="0" timestamp="04 Oct 2021 04:36:56 GMT" time="20.828" errors="0">
  <testcase name="Url1" time="2.869" classname="hotelTS.hotelTC"/>
  <testcase name="withoutEnteringLocation" time="1.588" classname="hotelTS.hotelTC"/>
  <testcase name="testingSearchPageWithNoRooms" time="3.515" classname="hotelTS.hotelTC"/>
  <testcase name="testingSearchPageWithNoAdults" time="0.14" classname="hotelTS.hotelTC"/>
  <testcase name="testingSearchPageWithMaxRooms" time="2.81" classname="hotelTS.hotelTC"/>
  <testcase name="testingSearchPageWithMoreThan16Adults" time="0.608" classname="hotelTS.hotelTC"/>
  <testcase name="childLimit" time="0.107" classname="hotelTS.hotelTC"/>
  <testcase name="testingSearchPageWithValidDetails" time="0.491" classname="hotelTS.hotelTC"/>
  <testcase name="bookHotelWithNoName" time="3.899" classname="hotelTS.hotelTC"/>
  <testcase name="bookHotelWithInvalidEmail" time="1.17" classname="hotelTS.hotelTC"/>
  <testcase name="bookHotelWithValidEmail" time="0.741" classname="hotelTS.hotelTC"/>
  <testcase name="bookHotelWithValidDetails" time="0.726" classname="hotelTS.hotelTC"/>
</testsuite> <!-- Test -->
