<?xml version="1.0" encoding="UTF-8"?>
<!-- Generated by org.testng.reporters.JUnitXMLReporter -->
<testsuite hostname="DESKTOP-0ADFHDL" ignored="0" name="Test" tests="12" failures="0" timestamp="04 Oct 2021 14:12:20 GMT" time="32.313" errors="0">
  <testcase name="Url1" time="2.82" classname="hotelTS.hotelTC"/>
  <testcase name="withoutEnteringLocation" time="1.716" classname="hotelTS.hotelTC"/>
  <testcase name="testingSearchPageWithNoRooms" time="3.62" classname="hotelTS.hotelTC"/>
  <testcase name="testingSearchPageWithNoAdults" time="0.348" classname="hotelTS.hotelTC"/>
  <testcase name="testingSearchPageWithMaxRooms" time="6.915" classname="hotelTS.hotelTC"/>
  <testcase name="testingSearchPageWithMoreThan16Adults" time="3.531" classname="hotelTS.hotelTC"/>
  <testcase name="childLimit" time="0.116" classname="hotelTS.hotelTC"/>
  <testcase name="testingSearchPageWithValidDetails" time="1.585" classname="hotelTS.hotelTC"/>
  <testcase name="bookHotelWithNoName" time="4.385" classname="hotelTS.hotelTC"/>
  <testcase name="bookHotelWithInvalidEmail" time="1.069" classname="hotelTS.hotelTC"/>
  <testcase name="bookHotelWithValidEmail" time="0.898" classname="hotelTS.hotelTC"/>
  <testcase name="bookHotelWithValidDetails" time="0.896" classname="hotelTS.hotelTC"/>
</testsuite> <!-- Test -->
