<?xml version="1.0" encoding="UTF-8"?>
<!-- Generated by org.testng.reporters.JUnitXMLReporter -->
<testsuite hostname="DESKTOP-0ADFHDL" ignored="0" name="Test" tests="12" failures="0" timestamp="01 Oct 2021 17:44:27 GMT" time="29.408" errors="0">
  <testcase name="testUrl" time="3.499" classname="tsRoundTrip.roundTripTC"/>
  <testcase name="TC31" time="0.65" classname="tsRoundTrip.roundTripTC"/>
  <testcase name="TC32" time="0.613" classname="tsRoundTrip.roundTripTC"/>
  <testcase name="TC33" time="0.478" classname="tsRoundTrip.roundTripTC"/>
  <testcase name="TC36" time="4.471" classname="tsRoundTrip.roundTripTC"/>
  <testcase name="TC37" time="0.281" classname="tsRoundTrip.roundTripTC"/>
  <testcase name="TC38" time="0.371" classname="tsRoundTrip.roundTripTC"/>
  <testcase name="TC39" time="0.258" classname="tsRoundTrip.roundTripTC"/>
  <testcase name="TC40" time="0.345" classname="tsRoundTrip.roundTripTC"/>
  <testcase name="TC41" time="0.287" classname="tsRoundTrip.roundTripTC"/>
  <testcase name="TC42" time="0.244" classname="tsRoundTrip.roundTripTC"/>
  <testcase name="TC43" time="15.231" classname="tsRoundTrip.roundTripTC"/>
</testsuite> <!-- Test -->
