<?xml version="1.0" encoding="UTF-8"?>
<!-- Generated by org.testng.reporters.JUnitXMLReporter -->
<testsuite hostname="DESKTOP-0ADFHDL" ignored="0" name="Test" tests="11" failures="0" timestamp="01 Oct 2021 18:34:07 GMT" time="64.667" errors="0">
  <testcase name="testUrl" time="3.178" classname="signUpTS.signUpTC"/>
  <testcase name="TC12" time="0.738" classname="signUpTS.signUpTC"/>
  <testcase name="TC13" time="0.935" classname="signUpTS.signUpTC"/>
  <testcase name="TC10" time="0.977" classname="signUpTS.signUpTC"/>
  <testcase name="TC11" time="0.917" classname="signUpTS.signUpTC"/>
  <testcase name="TC09" time="0.919" classname="signUpTS.signUpTC"/>
  <testcase name="TC08" time="15.124" classname="signUpTS.signUpTC"/>
  <testcase name="TC15" time="22.848" classname="signUpTS.signUpTC"/>
  <testcase name="TC16" time="2.505" classname="signUpTS.signUpTC"/>
  <testcase name="TC17" time="2.514" classname="signUpTS.signUpTC"/>
  <testcase name="TC14" time="9.386" classname="signUpTS.signUpTC"/>
</testsuite> <!-- Test -->
