<?xml version="1.0" encoding="UTF-8"?>
<!-- Generated by org.testng.reporters.JUnitXMLReporter -->
<testsuite hostname="DESKTOP-0ADFHDL" ignored="0" name="Test1" tests="12" failures="0" timestamp="04 Oct 2021 04:29:54 GMT" time="35.989" errors="0">
  <testcase name="testUrl" time="2.641" classname="tsRoundTrip.roundTripTC"/>
  <testcase name="TC31" time="0.452" classname="tsRoundTrip.roundTripTC"/>
  <testcase name="TC32" time="0.521" classname="tsRoundTrip.roundTripTC"/>
  <testcase name="TC33" time="0.459" classname="tsRoundTrip.roundTripTC"/>
  <testcase name="TC36" time="3.396" classname="tsRoundTrip.roundTripTC"/>
  <testcase name="TC37" time="0.212" classname="tsRoundTrip.roundTripTC"/>
  <testcase name="TC38" time="0.255" classname="tsRoundTrip.roundTripTC"/>
  <testcase name="TC39" time="0.407" classname="tsRoundTrip.roundTripTC"/>
  <testcase name="TC40" time="0.291" classname="tsRoundTrip.roundTripTC"/>
  <testcase name="TC41" time="0.31" classname="tsRoundTrip.roundTripTC"/>
  <testcase name="TC42" time="0.242" classname="tsRoundTrip.roundTripTC"/>
  <testcase name="TC43" time="24.679" classname="tsRoundTrip.roundTripTC"/>
</testsuite> <!-- Test1 -->
